400.perlbench-50B 2.5802 2.5800
401.bzip2-226B 3.5470 3.5470
403.gcc-16B 1.4640 1.4640
410.bwaves-1963B 3.3200 3.3200
416.gamess-875B 3.7107 3.7107
433.milc-337B 0.8236 0.8236
434.zeusmp-10B 3.3862 3.3862
435.gromacs-111B 3.5944 3.5945
436.cactusADM-1804B 2.2487 2.2431
437.leslie3d-149B 3.2847 3.2836
444.namd-426B 3.6531 3.6529
445.gobmk-30B 2.6273 2.6274
447.dealII-3B 3.9170 3.9170
450.soplex-247B 1.2580 1.2523
453.povray-576B 2.8117 2.8117
454.calculix-460B 3.6472 3.6471
456.hmmer-88B 3.9759 3.9759
458.sjeng-767B 3.2380 3.2379
459.GemsFDTD-1491B 1.6051 1.6051
462.libquantum-714B 1.9139 1.9139
464.h264ref-97B 3.4528 3.4519
465.tonto-1769B 3.7198 3.7199
470.lbm-1274B 2.5053 2.5053
473.astar-42B 2.4891 2.4874
481.wrf-196B 3.0973 3.0974
482.sphinx3-417B 1.3701 1.3695
483.xalancbmk-127B 0.4637 0.4636
